2023-04-26 14:29:21 -  - exec CUpdateClientPartner::SearchModulesEx
2023-04-26 14:29:21 -  - exec CUpdateClientPartner::__CollectRequestData
2023-04-26 14:29:21 -  - utf=Y&lang=ru&stable=Y&CANGZIP=Y&SUPD_DBS=MYSQL&XE=N&CLIENT_SITE=xn--1bitrix-yjg&LICENSE_KEY=X&SUPD_STS=1&SUPD_URS=0&SUPD_URSA=1&TYPENC=D&CLIENT_PHPVER=8.0.13&NGINX=Y&dbv=8.0.27&instm=main%2C22.0.300%2CY%3Bb24connector%2C21.100.0%2CN%3Bbitrix.sitecorporate%2C15.5.0%2CN%3Bbitrixcloud%2C22.0.0%2CN%3Bclouds%2C22.0.0%2CN%3Bfileman%2C22.0.0%2CN%3Bhighloadblock%2C22.200.0%2CN%3Biblock%2C21.800.300%2CN%3Blanding%2C21.1300.200%2CN%3Bmessageservice%2C22.200.100%2CN%3Bperfmon%2C21.0.0%2CN%3Brest%2C22.0.100%2CN%3Bsearch%2C22.0.0%2CN%3Bseo%2C22.0.200%2CN%3Bsocialservices%2C22.0.250%2CN%3Btranslate%2C21.100.0%2CN%3Bui%2C22.400.50%2CN&search_module_id=&search_module=&search_category=7%2C14&search_type=&search_order=DESC&search_order_by=SORT&search_page=1&SUPD_SRS=RU&SUPD_CMP=N
2023-04-26 14:29:21 -  - exec CUpdateClientPartner::GetHTTPPage
2023-04-26 14:29:22 -  - TIME SearchModulesEx(request) 1.575 sec
2023-04-26 14:29:22 -  - exec CUpdateClientPartner::ParseServerData
2023-04-26 14:29:25 -  - exec CUpdateClientPartner::SearchModulesEx
2023-04-26 14:29:25 -  - exec CUpdateClientPartner::__CollectRequestData
2023-04-26 14:29:25 -  - utf=Y&lang=ru&stable=Y&CANGZIP=Y&SUPD_DBS=MYSQL&XE=N&CLIENT_SITE=xn--1bitrix-yjg&LICENSE_KEY=X&SUPD_STS=1&SUPD_URS=0&SUPD_URSA=1&TYPENC=D&CLIENT_PHPVER=8.0.13&NGINX=Y&dbv=8.0.27&instm=main%2C22.0.300%2CY%3Bb24connector%2C21.100.0%2CN%3Bbitrix.sitecorporate%2C15.5.0%2CN%3Bbitrixcloud%2C22.0.0%2CN%3Bclouds%2C22.0.0%2CN%3Bfileman%2C22.0.0%2CN%3Bhighloadblock%2C22.200.0%2CN%3Biblock%2C21.800.300%2CN%3Blanding%2C21.1300.200%2CN%3Bmessageservice%2C22.200.100%2CN%3Bperfmon%2C21.0.0%2CN%3Brest%2C22.0.100%2CN%3Bsearch%2C22.0.0%2CN%3Bseo%2C22.0.200%2CN%3Bsocialservices%2C22.0.250%2CN%3Btranslate%2C21.100.0%2CN%3Bui%2C22.400.50%2CN&search_module_id=&search_module=&search_category=7%2C14&search_type=&search_order=DESC&search_order_by=SORT&search_page=1&SUPD_SRS=RU&SUPD_CMP=N
2023-04-26 14:29:25 -  - exec CUpdateClientPartner::GetHTTPPage
2023-04-26 14:29:26 -  - TIME SearchModulesEx(request) 1.324 sec
2023-04-26 14:29:26 -  - exec CUpdateClientPartner::ParseServerData
2023-04-26 14:29:53 -  - exec CUpdateClientPartner::LoadModulesUpdates
2023-04-26 14:29:53 -  - exec CUpdateClientPartner::__CollectRequestData
2023-04-26 14:29:53 -  - utf=Y&lang=ru&stable=Y&CANGZIP=Y&SUPD_DBS=MYSQL&XE=N&CLIENT_SITE=xn--1bitrix-yjg&LICENSE_KEY=X&SUPD_STS=1&SUPD_URS=0&SUPD_URSA=1&TYPENC=D&CLIENT_PHPVER=8.0.13&NGINX=Y&dbv=8.0.27&instm=main%2C22.0.300%2CY%3Bb24connector%2C21.100.0%2CN%3Bbitrix.sitecorporate%2C15.5.0%2CN%3Bbitrixcloud%2C22.0.0%2CN%3Bclouds%2C22.0.0%2CN%3Bfileman%2C22.0.0%2CN%3Bhighloadblock%2C22.200.0%2CN%3Biblock%2C21.800.300%2CN%3Blanding%2C21.1300.200%2CN%3Bmessageservice%2C22.200.100%2CN%3Bperfmon%2C21.0.0%2CN%3Brest%2C22.0.100%2CN%3Bsearch%2C22.0.0%2CN%3Bseo%2C22.0.200%2CN%3Bsocialservices%2C22.0.250%2CN%3Btranslate%2C21.100.0%2CN%3Bui%2C22.400.50%2CN&reqm=nsandrey.emptyinstall&lim=Y&SUPD_SRS=RU&SUPD_CMP=N
2023-04-26 14:29:53 -  - exec CUpdateClientPartner::GetHTTPPage
2023-04-26 14:29:54 -  - TIME LoadModulesUpdates(request) 0.353 sec
2023-04-26 14:29:54 -  - exec CUpdateClientPartner::ParseServerData
2023-04-26 14:29:54 - S - STEP
2023-04-26 14:29:54 - LM4W01 - loadModule4Wizard-Step
2023-04-26 14:29:54 -  - exec CUpdateClientPartner::LoadModulesUpdates
2023-04-26 14:29:54 -  - exec CUpdateClientPartner::ParseServerData
2023-04-26 14:29:54 -  - loadFile
2023-04-26 14:29:54 - U - RETURN
2023-04-26 14:29:54 -  - exec CUpdateClientPartner::UnGzipArchive
2023-04-26 14:29:54 -  - TIME UnGzipArchive 0.213 sec
2023-04-26 14:29:54 -  - TIME UpdateStepModules 0.119 sec
2023-04-26 14:29:54 -  - exec CUpdateClientPartner::LoadModulesUpdates
2023-04-26 14:29:54 -  - exec CUpdateClientPartner::__CollectRequestData
2023-04-26 14:29:54 - Ux11 - Ошибка описания модуля "nsandrey.emptyinstall"
2023-04-26 14:29:54 - NCRD01 - [Ux11] Ошибка описания модуля "nsandrey.emptyinstall". 
2023-04-26 14:29:54 - LMU002 - [Ux11] Ошибка описания модуля "nsandrey.emptyinstall". 
2023-04-26 14:29:54 - LM4W02 - [Ux11] Ошибка описания модуля "nsandrey.emptyinstall". 
2023-04-26 14:32:43 - Ux11 - Ошибка описания модуля "nsandrey.emptyinstall"
